[21:13:39] Logged in as: defbot
[21:13:40] [Bot] connected as Defbot:1001374, joining room defients
[21:13:40] [DB] Created for defients
[21:13:40] [DB] Loaded for defients
[21:13:40] Joins: Blue:1001152:spencerstefano
[21:13:40] Joins: fox:998079
[21:13:40] Joins: exo:994700
[21:13:40] Joins moderator: Nibi:992941:clarencegardner
[21:13:40] Joins: guest-1522:981187:deffyurz
[21:13:40] Joins: ColossalCrate:981148:colossalcrate
[21:13:40] Joins room owner: Deffy:965446:defients
[21:13:51] (0.1) fox: because the libraries didn't have webrtc, only websockets
[21:14:19] Deffy: !yt https://www.youtube.com/watch?v=rlHnlieL-6Y
[21:14:19] (0.1) fox: what does it do?
[21:14:37] (0.2) fox: it's no mod...
[21:14:38] (0.1) fox: lol
[21:14:45] (0.1) fox: you need to give it mod to play videos
[21:14:57] (0.35) fox: but then you have a problem to log into the room twice from the same IP
[21:15:05] (0.1) fox: as far i remember
[21:15:07] [User] Smokey:1001556 joined the room. (1)
[21:15:18] [User] Wndrwll:1001579 joined the room. (1)
[21:15:29] (0.1) fox: maybe the last is old tinychat
[21:15:38] (0.1) fox: but to play vids it needs mod
[21:15:43] (0.1) ColossalCrate: nice bot buddy
[21:16:07] (0.1) ColossalCrate: it's self aware
[21:16:15] [User] crimson:1001685 joined the room. (2)
[21:16:19] Deffy: !announcement FK YEA
[21:16:24] (0.1) fox: as long it doesn't have a backdoor
[21:16:52] Deffy: !yt Midnight Kids - Serious ft. Matthew Koma
[21:17:20] (0.1) fox: it needs mod deffy
[21:17:23] (0.1) fox: to play videos
[21:17:27] [User] robertonawhim:1001825 joined the room. (1)
[21:18:52] Logged in as: defbot
[21:18:52] Captcha required, sending nonsense.
[21:18:53] [Bot] connected as Defbot:1001966, joining room defients
[21:18:53] [DB] Loaded for defients
[21:18:53] Joins: Wndrwll:1001579:wonderwall1123
[21:18:53] Joins: fox:998079
[21:18:53] Joins: exo:994700
[21:18:53] Joins moderator: Nibi:992941:clarencegardner
[21:18:53] Joins: guest-1522:981187:deffyurz
[21:18:53] Joins: ColossalCrate:981148:colossalcrate
[21:18:53] Joins room owner: Deffy:965446:defients
[21:19:03] Deffy: !yt https://www.youtube.com/watch?v=rlHnlieL-6Y
[21:19:10] (0.2) fox: no mod
[21:20:13] Logged in as: defbot
[21:20:13] [Bot] connected as Defbot:1002099, joining room defients
[21:20:13] [DB] Loaded for defients
[21:20:13] Joins: Wndrwll:1001579:wonderwall1123
[21:20:13] Joins: fox:998079
[21:20:13] Joins: exo:994700
[21:20:13] Joins moderator: Nibi:992941:clarencegardner
[21:20:13] Joins: guest-1522:981187:deffyurz
[21:20:14] Joins: ColossalCrate:981148:colossalcrate
[21:20:14] Joins room owner: Deffy:965446:defients
[21:20:20] Deffy: !yt https://www.youtube.com/watch?v=rlHnlieL-6Y
[21:20:20] [Media] n/a started youtube video (rlHnlieL-6Y)
[21:20:20] YouTube: Defbot started "Midnight Kids - Serious ft. Matthew Koma"
[21:20:20] (0.1) fox: yea, it works
[21:20:37] (0.1) ColossalCrate: bottoms up
[21:20:38] (0.1) exo: poggers
[21:21:14] (0.1) fox: it's alive
[21:21:17] (0.1) Deffy: fk yea
[21:21:24] (0.1) exo: bh
[21:21:27] (0.35) exo: nj*
[21:21:45] (0.1) fox: exactly 2 keys to the right
[21:21:47] (0.1) fox: lol
[21:21:54] Deffy: !rmw nigger
[21:21:54] [User] LeinaLoo:1002276 joined the room. (1)
[21:21:55] [User] Moderator LeinaLoo:1002276:eleinarose
[21:21:57] [User] princessern:1002279 joined the room. (2)
[21:22:00] (0.1) Deffy: migger
[21:22:01] (0.1) princessern: Hi
[21:22:02] (0.1) exo: monkaS
[21:22:03] (0.1) Deffy: nigger
[21:22:15] (0.1) exo: nigger
[21:22:20] (0.35) exo: LUL
[21:22:23] Deffy: !banw nigger
[21:22:27] (0.1) exo: nigger
[21:22:32] (0.1) Wndrwll: Hope it helps Nibi
[21:22:45] (0.1) fox: does it do variations
[21:22:55] (0.35) fox: n!gg3r
[21:22:59] (0.1) fox: nope
[21:23:02] [User] guest:1002418 joined the room. (1)
[21:23:02] [User] Guest guest:1002418
[21:23:18] The youtube (rlHnlieL-6Y) was stopped.
[21:23:33] Deffy: !mod defients
[21:23:37] Deffy: !banw nigger
[21:23:39] (0.1) Deffy: nigger
[21:23:54] Deffy: !urb 
[21:23:59] Deffy: !urb pyah
[21:24:11] fox: !banall 
[21:24:13] Deffy: !8ball 
[21:24:19] Deffy: !8ball am i gay?
[21:24:25] Deffy: !flip 
[21:24:28] Deffy: !roll 
[21:24:29] exo: !8ball is Deffy gay?
[21:24:34] Deffy: !whoplayed 
[21:24:41] Deffy: !now 
[21:24:45] Deffy: !status 
[21:24:49] Deffy: !chuck 
[21:24:54] Deffy: !wea 
[21:24:59] Deffy: !wea manchester, nh
[21:25:05] Deffy: !wea manchester
[21:25:10] Deffy: !wea 03104
[21:25:15] Deffy: !cheers 
[21:25:22] (0.1) Deffy: 1
[21:25:27] Deffy: !cheers 1
[21:25:35] (0.1) fox: does it do currencies
[21:25:37] Deffy: !tokes 
[21:25:38] exo: !cheers 
[21:26:01] Deffy: !+mod defients
[21:26:05] (0.1) fox: nice features tho
[21:26:14] Deffy: !banw nigger
[21:26:17] (0.1) Deffy: nigger
[21:26:29] Deffy: !clr 
[21:26:53] fox: !nuke LA
[21:27:02] (0.1) exo: monkaS
[21:27:03] Deffy: !yts 
[21:27:08] Deffy: !yts rickroll
[21:27:13] (0.1) exo: fuck
[21:27:19] Deffy: !pyst 
[21:27:24] Deffy: !pyst Nibi
[21:27:30] Deffy: !pyst defients
[21:27:46] (0.1) Deffy: 0
[21:27:55] [User] maxsdungeon:1002886 joined the room. (2)
[21:28:04] Deffy: !+tmod 
[21:28:12] Deffy: !+tmod defients
[21:28:23] Deffy: !banw nigger
[21:28:25] (0.1) Deffy: nigger
[21:29:11] Deffy: !voteban exo
[21:29:15] (0.35) exo: MONKAS
[21:29:28] exo:994700 stopped broadcasting.
[21:29:31] [User] exo:1003040 joined the room. (1)
[21:29:31] [User] Guest exo:1003040
[21:29:34] (0.1) ColossalCrate: rip
[21:29:50] [User] midou8888:1003066 joined the room. (2)
[21:29:50] [User] Guest midou8888:1003066
[21:29:58] Deffy: !voteban 1003040
[21:30:05] Deffy: !voteban exo:1003040
[21:30:15] (0.1) Deffy: 1
[21:30:19] (0.35) exo: :'(
[21:30:25] Deffy: !voteban Guest exo:1003040
[21:30:39] midou8888:1003066 stopped broadcasting.
[21:30:51] exo:1003040 stopped broadcasting.
[21:30:57] [User] exo:1003176 joined the room. (1)
[21:31:12] Deffy: !dj 
[21:31:17] Deffy: !dj defients
[21:31:20] exo:1003176 stopped broadcasting.
[21:31:22] [User] Senator_Armstrong:1003217 joined the room. (2)
[21:31:25] Deffy: !dj Deffy
[21:31:26] [User] 207:1003225 joined the room. (3)
[21:32:20] [User] youngrichnigga:1003337 joined the room. (1)
[21:32:23] [User] exo:1003343 joined the room. (2)
[21:34:21] (2.25) Deffy: https://github.com/odsum/TinyChatBot
[21:35:14] exo: !voteban cam Deffy
[21:35:16] exo: !vote 
[21:37:04] (0.1) ColossalCrate: i got 6k rightnow
[21:37:08] (0.1) ColossalCrate: damn thats a lot
[21:37:51] (0.1) ColossalCrate: The bot i used got shut down about a month ago
[21:38:21] (0.35) ColossalCrate: but my lifetime points was 120k. Got wine making gear and playing cards plus xbox live when i cared to get it
[21:39:10] (0.1) ColossalCrate: google has a reward service app but it's really slow
[21:40:19] [User] frezor:1004167 joined the room. (1)
[21:40:19] [User] Guest frezor:1004167
[21:44:15] Logged in as: defbot
[21:44:16] Captcha required, sending nonsense.
[21:44:16] [Bot] connected as Defbot:1004503, joining room defients
[21:44:16] [DB] Loaded for defients
[21:44:16] Joins: exo:1003343:exorsister
[21:44:16] Joins: Senator_Armstrong:1003217:raseri
[21:44:16] Joins: fox:998079
[21:44:16] Joins moderator: Nibi:992941:clarencegardner
[21:44:16] Joins: guest-1522:981187:deffyurz
[21:44:16] Joins: ColossalCrate:981148:colossalcrate
[21:44:16] Joins room owner: Deffy:965446:defients
[21:44:23] [User] Godlike:1004512 joined the room. (1)
[21:44:37] Deffy:965446 stopped broadcasting.
[21:44:37] [User] fox:1004529 joined the room. (1)
[21:44:37] [User] Guest fox:1004529
[21:44:45] [User] Deffy:1004535 joined the room. (2)
[21:44:45] [User] Room Owner Deffy:1004535:defients
[21:44:50] exo: !8ball should i drink
[21:44:55] (0.35) exo: :;(
[21:45:47] (0.1) ColossalCrate: its spiking a lil
[21:46:39] Deffy: !announcement http://www.reddit.com/r/Defients ~ https://discord.gg/XC46jE ~ https://youtube.com/DeffyUrz ~ ty@deffy.gg ~ support the Owner: paypal.me/Deffy
[21:47:16] fox: !cn 
[21:47:39] Deffy: !p2t 
[21:49:38] Deffy: !welcome reddit.com/r/Defients ~ discord.gg/XC46jE ~ youtube.com/DeffyUrz ~ ty@deffy.gg ~ paypal.me/Deffy
[21:49:52] Nibi:992941 stopped broadcasting.
[21:49:55] [User] Nibi:1005075 joined the room. (1)
[21:49:56] [User] Moderator Nibi:1005075:clarencegardner
[21:50:05] exo: !wea Virginia
[21:50:09] (0.35) exo: :'(
[21:50:19] (0.1) fox: the bot hates us exo
[21:50:21] fox: !cn 
[21:52:39] Logged in as: defbot
[21:52:40] [Bot] connected as Defbot:1005301, joining room defients
[21:52:40] [DB] Loaded for defients
[21:52:40] Joins room owner: Deffy:1004535:defients
[21:52:40] Joins: fox:1004529
[21:52:40] Joins: exo:1003343:exorsister
[21:52:40] Joins: Senator_Armstrong:1003217:raseri
[21:52:40] Joins moderator: Nibi:1005075:clarencegardner
[21:52:40] Joins: guest-1522:981187:deffyurz
[21:52:40] Joins: ColossalCrate:981148:colossalcrate
[21:53:07] (0.1) ColossalCrate: sass is building
[21:53:37] (0.1) ColossalCrate: not worth it lol
[21:54:26] (0.1) ColossalCrate: i'll stand up for you exo lol
[21:55:09] (0.1) fox: got a fag?
[21:55:17] (0.1) fox: cigarette*
[21:55:35] (0.35) exo: less than three
[21:56:11] (0.35) ColossalCrate: straight edge
[21:56:25] (0.1) exo: NoRmIe
[21:56:26] (0.35) fox: i might go straight edge
[21:56:35] (0.1) fox: i just don't see the advantages
[21:57:32] (0.1) fox: been completely sober for half a year last year
[21:57:36] [User] ashi:1005769 joined the room. (1)
[21:57:43] (0.1) fox: smoking pot 20 years
[21:58:08] [User] ashi:1005821 joined the room. (1)
[21:58:14] [User] Tank:1005831 joined the room. (2)
[21:59:23] Tank:1005831 stopped broadcasting.
[21:59:28] [User] Tank:1005946 joined the room. (1)
[21:59:52] (0.1) fox: y'all need jesus
[22:01:37] (0.1) fox: religions are all invented by people and bullshit of the old ages
[22:01:54] Tank:1005946 stopped broadcasting.
[22:02:36] [User] KoolAidOfUganda:1006253 joined the room. (2)
[22:04:42] (0.1) ColossalCrate: i still got last stand on my laptop
[22:06:45] (0.1) ColossalCrate: Mozart mailed fart jokes to his relatives
[22:06:47] (0.1) ColossalCrate: like as a hobby
[22:07:17] [User] robertonawhim:1006804 joined the room. (1)
[22:07:58] Nibi:1005075 stopped broadcasting.
[22:08:38] [User] guest:1006963 joined the room. (2)
[22:08:38] [User] Guest guest:1006963
[22:09:54] (0.1) fox: still have the old one
[22:09:59] (0.1) fox: the installer, but still works
[22:10:58] (0.1) ColossalCrate: Hey deffy if we still hang out after i'm done moving I'm a pretty good editor if you need one
[22:11:34] [User] get_money_suck_titties:1007234 joined the room. (1)
[22:12:23] (10) Senator_Armstrong: https://i.ytimg.com/vi/gWL080QOqfY/maxresdefault.jpg
[22:12:23] Defbot kicked Senator_Armstrong
[22:12:23] Senator_Armstrong:1003217 stopped broadcasting.
[22:12:34] (0.1) ColossalCrate: for shame exo
[22:12:56] [User] Senator_Armstrong:1007321 joined the room. (2)
[22:13:26] (0.2) get_money_suck_titties: yo
[22:13:31] (0.1) get_money_suck_titties: senator where u from
[22:13:33] (0.1) get_money_suck_titties: thanks
[22:13:55] (0.1) get_money_suck_titties: ikr
[22:13:59] (0.1) get_money_suck_titties: its not just a name
[22:14:01] [User] tofu:1007471 joined the room. (1)
[22:14:04] (0.1) get_money_suck_titties: its a lifestyle
[22:14:42] (0.1) get_money_suck_titties: senator where u from dude
[22:14:59] (0.1) get_money_suck_titties: u look norwegian
[22:15:16] (0.1) get_money_suck_titties: ok
[22:15:39] (0.1) get_money_suck_titties: yas
[22:15:57] (0.1) get_money_suck_titties: o i dont remember that
[22:16:00] (0.1) get_money_suck_titties: my memory is bad
[22:20:01] [User] D:1008102 joined the room. (2)
[22:20:09] (0.35) D: DL
[22:20:12] (0.85) D: IS THAT YOU
[22:20:14] (0.6) D: OMFGGGG
[22:20:17] (0.35) get_money_suck_titties: yoooo
[22:20:20] (1.85) D: BEBE!! I SAW YOU ON THE FEED
[22:20:28] (0.1) D: i was on vacation for 2 weeks
[22:20:35] (0.1) get_money_suck_titties: babes i missed u
[22:20:51] (0.1) D: awwwwwwh bebe whatre you doing here this your new room?
[22:20:58] (0.1) get_money_suck_titties: i just found it ll
[22:20:59] [User] guest-1591:1008213 joined the room. (1)
[22:20:59] [User] Guest guest-1591:1008213
[22:21:02] (0.1) get_money_suck_titties: i literally just joined
[22:21:08] (0.1) D: it was fate!
[22:21:14] (0.1) exo: uwu
[22:21:16] (0.1) get_money_suck_titties: :*
[22:21:19] (0.1) D: :*
[22:21:28] (0.1) D: who?
[22:21:40] (0.1) get_money_suck_titties: gonzella
[22:21:46] (0.1) get_money_suck_titties: from treehouse
[22:21:56] (0.1) D: i feel like i know him
[22:22:00] (0.1) D: and kaden is always dumb
[22:22:33] (0.1) D: hes white
[22:22:37] (0.1) D: so you know its not true
[22:22:39] (0.35) D: LOLOL
[22:23:00] (0.1) D: wait really?
[22:23:24] (0.1) D: yeah nah they call me terrorist always
[22:23:26] (0.35) D: :")
[22:23:40] (0.1) D: this pussy too bomb
[22:23:41] (0.1) get_money_suck_titties: u lil arab u
[22:23:43] (0.1) D: so i get it
[22:23:43] (0.1) get_money_suck_titties: ahahah
[22:24:05] (0.1) fox: holocaust denial is illegal in several European countries
[22:24:30] (0.1) D: he wont
[22:24:39] (0.1) exo: the moon landing was faked!
[22:24:54] (0.1) D: who?
[22:25:06] (0.1) D: she has tattoos and long hair?
[22:25:15] (0.1) D: she wants to fuck me
[22:25:17] (0.1) D: id let her
[22:25:29] (0.1) get_money_suck_titties: ill join
[22:25:33] (0.1) D: always
[22:26:05] (0.2) D: no i dont i dont really know her but i remebered i cammed up in ec once
[22:26:07] (0.1) D: and she went wild
[22:26:21] (0.1) D: i dont think she knows im bi
[22:26:24] (0.1) D: or maybe
[22:26:31] (0.1) D: do i look like i go both ways?
[22:26:43] (0.35) get_money_suck_titties: ooo
[22:26:50] (0.2) get_money_suck_titties: no
[22:26:51] (0.1) get_money_suck_titties: u dont dani
[22:27:01] (0.35) get_money_suck_titties: u look like a submissive straightie
[22:27:01] (0.35) D: so i look straight or gay?
[22:27:01] (0.2) guest: hey Swedish guy
[22:27:05] ColossalCrate:981148 stopped broadcasting.
[22:27:07] (0.1) guest: Did you know deffy would fuck Kim Wall. good
[22:27:14] (0.1) D: oh okay im down with that
[22:27:58] (0.1) D: yall discussed me?
[22:28:16] (0.1) guest: Deffy would you get with Kim Wall. ?
[22:28:29] (0.1) D: he came to ec
[22:28:29] [User] dominicphommac8:1008921 joined the room. (2)
[22:28:46] (0.1) D: i wasnt there when you got banned
[22:29:02] (0.1) D: lol
[22:29:02] [User] Wndrwll:1008968 joined the room. (1)
[22:29:23] (0.1) D: wait
[22:29:27] (0.1) D: people keep talking over
[22:29:47] (0.1) D: it was more then that
[22:29:53] (0.1) D: he called me many things...
[22:30:08] (0.1) D: yep
[22:30:47] (0.1) Wndrwll: lol
[22:31:03] (0.1) Wndrwll: Deffy are you married?
[22:32:02] [User] BastienKhedimi:1009211 joined the room. (2)
[22:32:02] [User] Guest BastienKhedimi:1009211
[22:34:38] (0.35) guest: Deffy is liek th whtie fucking don Lemon
[22:34:40] (0.1) guest: of tinychat
[22:34:50] (0.1) get_money_suck_titties: lol
[22:38:01] [User] softpretzels:1009717 joined the room. (1)
[22:38:34] (0.1) guest: Pelase be warned deffy got kicked out of Unveirsity of new hampshire
[22:38:39] (0.1) guest: For sexual assault
[22:38:41] (0.35) guest: I ahve the records
[22:38:50] (0.35) get_money_suck_titties: whaaaat
[22:39:26] (0.1) fox: #metoo
[22:40:16] (0.35) guest: I think deffy has a darker past
[22:40:25] (0.1) fox: who doesn't
[22:40:45] (0.1) fox: i stole my grannies cookies all the time
[22:41:33] (0.1) D: he just said
[22:41:33] (0.1) ColossalCrate: He isn't on trial right now
[22:41:38] (0.1) D: hes talking to a girl
[22:41:40] (0.1) D: in aussie
[22:42:30] (0.1) ColossalCrate: lol
[22:42:55] (0.1) D: star?
[22:43:01] (0.1) D: that was my name back then
[22:43:08] (0.35) guest: I hoep he isnt on trial
[22:43:19] (0.1) guest: well Deffy doesnt liek Arabs...
[22:43:29] (0.85) guest: I think that's been stated on his YT streams
[22:43:42] (0.1) D: he said
[22:43:49] (0.1) D: my little
[22:43:52] (0.1) D: is in here
[22:43:55] (0.1) D: but basically
[22:43:56] (0.1) guest: He's always drunk
[22:44:09] (0.1) D: he said something along the lines that he was ony talking to me to fuck me
[22:44:13] (0.1) D: because i was 4 hours away
[22:44:16] (0.1) guest: That's hsi excuse based on the videos Joey gave me
[22:44:23] [User] Godlike:1010303 joined the room. (2)
[22:44:36] (0.2) D: no
[22:44:43] (0.1) D: he didnt
[22:44:49] (0.1) D: we were friends
[22:45:08] (0.1) D: deffy
[22:45:13] (0.1) D: wheres the list
[22:45:21] (0.1) D: send it to me
[22:45:40] (10) guest: https://www.stitcher.com/podcast/ed-dentzel/unfound/e/55935344
[22:45:40] Defbot kicked guest
[22:45:55] [User] guest:1010435 joined the room. (1)
[22:45:55] [User] Guest guest:1010435
[22:46:10] (0.1) ColossalCrate: damn
[22:46:13] (0.2) Abigain: hey
[22:46:24] (0.1) Abigain: Whats up all
[22:46:46] (0.1) exo: howdy
[22:47:04] (10) Abigain: Hey deffy  can you check this out? https://www.stitcher.com/podcast/ed-dentzel/unfound/e/55935344
[22:47:04] Defbot kicked Abigain
[22:47:20] [User] guest:1010570 joined the room. (2)
[22:47:20] [User] Guest guest:1010570
[22:48:58] [User] robertonawhim:1010736 joined the room. (1)
[22:49:10] (0.2) StevenRobert: yo
[22:49:14] (4.25) Deffy: ✄ http://www.reddit.com/r/Defients ★ https://discord.gg/XC46jE ★ https://youtube.com/DeffyUrz ★ ty@deffy.gg support me: paypal.me/Deffy ☚
[22:50:47] (0.1) StevenRobert: Big bg of kitkats or resses peeses?
[22:50:51] (0.35) StevenRobert: or m n ms?
[22:51:19] (0.1) D: well imma eat pizza
[22:51:28] (0.35) D: ill bbl if dl is still here
[22:51:42] (0.1) D: just message me
[22:51:45] (0.1) D: and i dont have bf
[22:51:47] (0.35) D: wtf?
[22:52:02] (0.1) D: okay bye
[22:52:06] D:1008102 stopped broadcasting.
[22:52:07] (0.1) ColossalCrate: not after i'm done with you
[22:52:09] (0.1) ColossalCrate: lol
[22:53:17] (0.1) ColossalCrate: afrikan
[22:53:47] (0.1) StevenRobert: Laotian
[22:53:49] (0.1) StevenRobert: Laos
[22:54:12] (0.1) StevenRobert: Laos is next to Cambodia
[22:54:34] (0.1) ColossalCrate: slower
[22:54:54] (0.1) StevenRobert: Yo uevr been to laos?
[22:54:57] (0.35) StevenRobert: I heard its poor af there
[22:55:00] get_money_suck_titties:1007234 stopped broadcasting.
[22:55:33] (0.1) StevenRobert: The ladyboys
[22:55:41] (0.1) ColossalCrate: bruh
[22:55:45] (0.1) ColossalCrate: clearly you haven't been
[22:55:49] [User] LeinaLoo:1011367 joined the room. (2)
[22:55:49] [User] Moderator LeinaLoo:1011367:eleinarose
[22:55:58] (0.1) ColossalCrate: they got ladyboys falling off the shelf
[22:56:47] (0.1) LeinaLoo: this is an interesting point of conversation to come in on
[22:58:22] (0.35) Deffy: yeaa
[22:58:46] Deffy: !vote LeinaLoo
[22:58:58] exo: !vote cam
[22:58:59] Deffy: !vote cam LeinaLoo
[22:59:13] [User] Smokey:1011659 joined the room. (1)
[22:59:17] exo: !vote cam eleinarose
[22:59:29] (0.1) LeinaLoo: what do you think i am?
[23:00:22] (0.1) ColossalCrate: you're in transition?
[23:02:26] (0.35) ColossalCrate: brb my uber eats is here
[23:02:35] (0.2) LeinaLoo: yes i am in transition
[23:02:44] Senator_Armstrong:1007321 stopped broadcasting.
[23:04:10] [User] Smokey:1012144 joined the room. (2)
[23:04:29] [User] lex:1012186 joined the room. (1)
[23:05:00] lex:1012186 stopped broadcasting.
[23:05:04] (0.2) LeinaLoo: hi lex
[23:05:19] lex:1012186 stopped broadcasting.
[23:05:56] [User] sesh:1012307 joined the room. (2)
[23:05:59] [User] sesh:1012308 joined the room. (3)
[23:06:31] lex:1012186 stopped broadcasting.
[23:08:00] lex:1012186 stopped broadcasting.
[23:08:26] [User] lex:1012503 joined the room. (1)
[23:08:50] [User] Smokey:1012536 joined the room. (2)
[23:08:53] [User] 207:1012537 joined the room. (3)
[23:09:18] [User] Ganesh:1012576 joined the room. (1)
[23:09:20] [User] Steel:1012578 joined the room. (2)
[23:09:20] [User] Guest Steel:1012578
[23:10:04] [User] harika:1012640 joined the room. (1)
[23:10:04] [User] Guest harika:1012640
[23:10:18] [User] Wndrwll:1012657 joined the room. (2)
[23:11:01] [User] alliebear:1012735 joined the room. (1)
[23:11:01] [User] Guest alliebear:1012735
[23:11:14] [User] AchillesMichael:1012753 joined the room. (2)
[23:11:37] (0.1) Wndrwll: Steel you in a museum or courthouse?
[23:13:23] [User] fuego:1012965 joined the room. (1)
[23:13:44] Steel:1012578 stopped broadcasting.
[23:14:03] (0.1) Wndrwll: Who do you want around Deffy
[23:14:06] (0.1) StevenRobert: Whats going on tonight
[23:14:10] (0.35) StevenRobert: I got a nw lgoitech webcam
[23:14:39] [User] they_call_me_dc:1013105 joined the room. (2)
[23:14:57] (0.1) Wndrwll: Looking for a weak spot
[23:15:28] (0.1) StevenRobert: Deffy where do you see yoruself in 10 years?
[23:15:28] (0.35) Wndrwll: It's funny, the ones that come in calling people out for being on this site.
[23:15:29] (0.1) StevenRobert: or 5 years
[23:15:30] (0.1) Wndrwll: makes sense.
[23:15:46] [User] falafel:1013206 joined the room. (1)
[23:16:04] [User] Darkness:1013231 joined the room. (2)
[23:16:08] [User] AlanDiaz:1013238 joined the room. (3)
[23:16:25] (0.85) Wndrwll: I need a song playlist for my runs. I run out of data to stream music.
[23:16:50] [User] Abbazabba:1013316 joined the room. (1)
[23:16:50] [User] Guest Abbazabba:1013316
[23:16:57] [User] HERETIC:1013325 joined the room. (2)
[23:17:09] (0.1) Wndrwll: Thank you exo
[23:17:20] Deffy:1004535 stopped broadcasting.
[23:17:25] [User] Deffy:1013367 joined the room. (1)
[23:17:25] [User] Room Owner Deffy:1013367:defients
[23:17:41] (0.35) Darkness: It's Jack Krauser
[23:17:43] (0.1) Darkness: Hello
[23:17:47] [User] they_call_me_dc:1013399 joined the room. (2)
[23:17:56] (0.1) ColossalCrate: Krauser is tops
[23:18:08] Darkness:1013231 stopped broadcasting.
[23:18:24] [User] guest:1013461 joined the room. (1)
[23:18:24] [User] Guest guest:1013461
[23:19:03] (0.35) Darkness: I am a dude for future reference
[23:19:03] [User] tommietjeee:1013525 joined the room. (2)
[23:19:27] (0.35) Darkness: I am biologically a dude
[23:19:29] (0.35) Darkness: I have a d
[23:19:30] (0.1) Darkness: lol
[23:19:37] (0.1) ColossalCrate: What's the black flag tho
[23:19:47] (0.1) lex: we should get zero in here
[23:19:50] (0.1) Darkness: behind jack krauser
[23:19:51] Wndrwll:1012657 stopped broadcasting.
[23:19:56] (0.1) Darkness: the black flag next to the Nazi one
[23:20:07] (0.1) fox: black sun
[23:20:19] (0.1) Wndrwll: What is black sun
[23:20:27] (0.1) fox: idk, seen it in the ukraine war
[23:20:36] (0.35) Darkness: looks like a Chrysanthemum symbol of Japan
[23:20:43] (0.1) ColossalCrate: I'm glad i'm not the only one who didn't know
[23:20:44] [User] marcelo:1013723 joined the room. (1)
[23:20:59] (0.1) Wndrwll: aww exo is so nice
[23:21:14] (0.1) Darkness: I'm going to sing a Jewish song
[23:21:21] (0.1) Darkness: for the sake of Heretic
[23:21:26] (0.1) fox: it's related with ideology & death
[23:21:38] (0.1) ColossalCrate: thank you exo
[23:21:43] (0.1) exo: yw bb
[23:21:51] (0.1) fox: like most flags are
[23:22:04] [User] kaydot300:1013843 joined the room. (2)
[23:22:16] Darkness:1013231 stopped broadcasting.
[23:23:03] exo:1003343 stopped broadcasting.
[23:23:09] HERETIC:1013325 stopped broadcasting.
[23:23:16] [User] Blue:1013984 joined the room. (1)
[23:23:48] (0.1) fox: praise the flag,
praise a stick and a rag
[23:24:50] [User] roundtheblock:1014150 joined the room. (2)
[23:26:49] (0.35) LeinaLoo: brb
[23:27:00] LeinaLoo:1011367 stopped broadcasting.
[23:27:18] [User] highwires:1014418 joined the room. (1)
[23:28:29] robertonawhim:1010736 stopped broadcasting.
[23:28:59] [User] fred:1014599 joined the room. (2)
[23:29:10] [User] cavrudy:1014622 joined the room. (1)
[23:29:15] fred:1014599 stopped broadcasting.
[23:29:15] [User] tate:1014632 joined the room. (2)
[23:29:15] [User] Guest tate:1014632
[23:30:29] [User] yuki:1014775 joined the room. (1)
[23:30:32] [User] SMOKINJOE:1014779 joined the room. (2)
[23:30:34] [User] ThomasJefferson:1014781 joined the room. (3)
[23:30:34] [User] Guest ThomasJefferson:1014781
[23:30:58] [User] ulrik:1014845 joined the room. (1)
[23:31:16] [User] DaleDaniel:1014878 joined the room. (2)
[23:31:21] [User] neptune:1014885 joined the room. (3)
[23:32:23] (0.1) ColossalCrate: oh boy
[23:33:04] [User] aspirin:1015078 joined the room. (1)
[23:33:37] [User] guest:1015130 joined the room. (2)
[23:33:55] (0.1) Asuh: A-suhdu
[23:34:38] (0.35) Asuh: Hey du come to my room du I wont ask u for money du..
[23:34:40] (0.1) Asuh: you know
[23:34:49] (0.1) Asuh: cuz begging isn't whats-uh du ya feel
[23:35:03] [User] Nibi:1015312 joined the room. (1)
[23:35:04] [User] Moderator Nibi:1015312:clarencegardner
[23:35:43] [User] gordo:1015374 joined the room. (2)
[23:35:56] (0.35) Asuh: I got my own money du
[23:36:01] (0.1) Asuh: promote my own shit fam
[23:36:07] (0.1) Asuh: naw'm sayin du
[23:36:15] (0.1) lex: hahah
[23:36:18] [User] darkmo:1015426 joined the room. (1)
[23:36:33] [User] Tiger:1015456 joined the room. (2)
[23:37:14] (0.35) StevenRobert: Do you knwo dave Whiner?
[23:37:40] [User] MrKek:1015560 joined the room. (1)
[23:37:56] [User] douche_in_a_box:1015586 joined the room. (2)
[23:39:04] (4.25) Deffy: ✄ http://www.reddit.com/r/Defients ★ https://discord.gg/XC46jE ★ https://youtube.com/DeffyUrz ★ ty@deffy.gg support me: paypal.me/Deffy ☚
[23:39:32] Asuh:1015130 stopped broadcasting.
[23:39:36] douche_in_a_box:1015586 stopped broadcasting.
[23:39:48] [User] uncle_hern:1015807 joined the room. (1)
[23:40:10] [User] jane:1015836 joined the room. (2)
[23:40:10] [User] Guest jane:1015836
[23:40:33] (0.1) jane: Hey all
[23:41:34] (0.1) Deffy: hiya Jane
[23:41:39] [User] Sunshineflyer88:1016014 joined the room. (1)
[23:43:03] [User] s:1016122 joined the room. (2)
[23:43:17] [User] toak:1016143 joined the room. (1)
[23:43:24] Nibi:1015312 stopped broadcasting.
[23:43:25] Asuh:1015130 stopped broadcasting.
[23:43:48] Deffy banned Asuh
[23:43:49] Asuh:1015130 stopped broadcasting.
[23:44:25] [User] crimson:1016246 joined the room. (2)
[23:44:37] (0.1) fox: can somebody put subtitles
[23:45:24] [User] Smokey:1016334 joined the room. (1)
[23:45:32] [User] roundtheblock:1016344 joined the room. (2)
[23:46:09] [User] Asuh:1016408 joined the room. (1)
[23:46:13] [User] Asuh:1016419 joined the room. (2)
[23:46:34] Asuh:1016419 stopped broadcasting.
[23:46:37] (0.2) Sunshineflyer88: hi alina
[23:46:39] Asuh:1016419 stopped broadcasting.
[23:46:44] Asuh:1016419 stopped broadcasting.
[23:46:48] Asuh:1016419 stopped broadcasting.
[23:46:51] Asuh:1016419 stopped broadcasting.
[23:46:55] Asuh:1016419 stopped broadcasting.
[23:46:57] [User] kik:1016488 joined the room. (1)
[23:47:00] Asuh:1016419 stopped broadcasting.
[23:47:03] Asuh:1016419 stopped broadcasting.
[23:47:06] Asuh:1016419 stopped broadcasting.
[23:47:09] Asuh:1016419 stopped broadcasting.
[23:47:10] (0.1) fox: he's slow too
[23:47:12] Asuh:1016419 stopped broadcasting.
[23:47:14] [User] guest:1016501 joined the room. (2)
[23:47:19] (0.1) ColossalCrate: ^
[23:47:23] Asuh:1016419 stopped broadcasting.
[23:47:30] (0.1) Asuh: do it im ready for the next one
[23:47:35] (0.1) Sunshineflyer88: danke das du damals zu mir gehalten hast ;)
[23:47:37] Asuh:1016419 stopped broadcasting.
[23:47:42] (0.1) Deffy: basic troll. gets a high off the same joke
[23:47:44] Asuh:1016419 stopped broadcasting.
[23:47:49] [User] they_call_me_dc:1016578 joined the room. (1)
[23:47:52] Asuh:1016419 stopped broadcasting.
[23:47:55] Asuh:1016419 stopped broadcasting.
[23:47:57] (0.1) Sunshineflyer88: i am on music guys
[23:48:03] (0.35) Sunshineflyer88: 0547 am here in germany
[23:48:06] (0.35) Asuh: :P
[23:48:18] (0.1) fox: here too
[23:48:25] (0.1) Sunshineflyer88: got 5 days of but from thursday nothing is off
[23:48:46] (0.45) Sunshineflyer88: for i thinkg more then one year... hadf no holiday for 1,5 years also... 5 holidays wasnt really holidays
[23:49:15] Asuh:1016419 stopped broadcasting.
[23:49:34] Asuh:1016419 stopped broadcasting.
[23:49:51] Asuh:1016419 stopped broadcasting.
[23:49:55] [User] Rune:1016809 joined the room. (2)
[23:49:58] Asuh:1016419 stopped broadcasting.
[23:50:02] Asuh:1016419 stopped broadcasting.
[23:50:08] Asuh:1016419 stopped broadcasting.
[23:50:14] Sunshineflyer88:1016014 stopped broadcasting.
[23:50:16] Asuh:1016419 stopped broadcasting.
[23:50:26] Asuh:1016419 stopped broadcasting.
[23:50:36] green room enabled
[23:50:39] (0.1) lex: i love you outrun
[23:50:45] Asuh:1016419 stopped broadcasting.
[23:50:47] (0.35) MrKek: ^^^
[23:50:52] (0.35) MrKek: I love him more
[23:50:54] (0.35) Asuh: HAHAHA
[23:50:56] (0.1) Asuh: greenroom
[23:50:57] (0.1) MrKek: .cam Asuh
[23:50:59] (0.35) Asuh: reeeeeeee
[23:51:01] MrKek: !cam Asuh
[23:51:04] [User] fuego:1016924 joined the room. (1)
[23:51:07] (0.35) Asuh: I win
[23:51:23] (0.35) Asuh: I won
[23:51:31] (0.1) Asuh: deffy you suck get a job
[23:51:34] (0.1) lex: he called it a greenscreen
[23:51:48] (0.1) Asuh: edgy
[23:51:49] (0.1) Asuh: edgy
[23:51:51] (0.35) Asuh: LOL
[23:52:08] (1.35) Asuh: DEFFY BEG FOR MONEY MORE
[23:52:15] [PRIMSG] Deffy: ✄ http://www.reddit.com/r/Defients ★ https://discord.gg/XC46jE ★ https://youtube.com/DeffyUrz ★ ty@deffy.gg support me: paypal.me/Deffy ☚
[23:52:15] [User] Asuh:1017047 joined the room. (2)
[23:52:18] (0.1) fox: we won last week, two raspberry pi's and a nintendo switch
[23:54:22] [User] 19tommy67:1017224 joined the room. (1)
[23:54:40] MrKek:1015560 stopped broadcasting.
[23:55:07] (0.1) MrKek: alright kid
[23:55:10] (0.1) MrKek: keep begging for money
[23:55:13] (0.1) MrKek: c y@
[23:55:20] Deffy allowed MrKek
[23:55:21] (0.1) MrKek: get shittier tattoos
[23:55:24] (0.1) MrKek: can't wash those regerts off
[23:55:29] MrKek:1015560 stopped broadcasting.
[23:55:51] douche_in_a_box:1015586 stopped broadcasting.
[23:56:16] (0.35) fox: shitty pple gonna be shitty
[23:56:38] lex:1012503 stopped broadcasting.
[23:56:54] Deffy allowed lex
[23:57:03] [User] Asuh:1017480 joined the room. (2)
[23:57:11] [User] Smokey:1017500 joined the room. (1)
[23:57:51] (0.1) fox: to be fair, all these room admins do the work for tinychat
[23:57:57] [User] LeinaLoo:1017573 joined the room. (2)
[23:57:57] [User] Moderator LeinaLoo:1017573:eleinarose
[23:58:03] fred:1014599 stopped broadcasting.
[23:58:06] (0.2) fox: without rooms there would be no tinychat
[23:59:41] (0.2) LeinaLoo: without tinychat there would be no rooms
[23:59:47] [User] hotaschilis:1017797 joined the room. (1)
[23:59:59] (0.1) fox: yea, so catch22
